Build started 4/11/2013 3:03:15 PM.
     1>Project "C:\Users\uzarco\Desktop\proj1\proj1\proj1.vcxproj" on node 2 (build target(s)).
     1>PrepareForBuild:
         Creating directory "C:\Users\uzarco\Desktop\proj1\Debug\".
       InitializeBuildStatus:
         Creating "Debug\proj1.unsuccessfulbuild" because "AlwaysCreate" was specified.
       ClCompile:
         c:\Program Files (x86)\Microsoft Visual Studio 10.0\VC\bin\CL.exe /c /ZI /nologo /W3 /WX- /Od /Oy- /D WIN32 /D _DEBUG /D _CONSOLE /D _UNICODE /D UNICODE /Gm /EHsc /RTC1 /MDd /GS /fp:precise /Zc:wchar_t /Zc:forScope /Fo"Debug\\" /Fd"Debug\vc100.pdb" /Gd /TP /analyze- /errorReport:prompt proj1.cpp
         proj1.cpp
       ManifestResourceCompile:
         C:\Program Files (x86)\Microsoft SDKs\Windows\v7.0A\bin\rc.exe /nologo /fo"Debug\proj1.exe.embed.manifest.res" Debug\proj1_manifest.rc 
       Link:
         c:\Program Files (x86)\Microsoft Visual Studio 10.0\VC\bin\link.exe /ERRORREPORT:PROMPT /OUT:"C:\Users\uzarco\Desktop\proj1\Debug\proj1.exe" /INCREMENTAL /NOLOGO kernel32.lib user32.lib gdi32.lib winspool.lib comdlg32.lib advapi32.lib shell32.lib ole32.lib oleaut32.lib uuid.lib odbc32.lib odbccp32.lib /MANIFEST /ManifestFile:"Debug\proj1.exe.intermediate.manifest" /MANIFESTUAC:"level='asInvoker' uiAccess='false'" /DEBUG /PDB:"C:\Users\uzarco\Desktop\proj1\Debug\proj1.pdb" /SUBSYSTEM:CONSOLE /TLBID:1 /DYNAMICBASE /NXCOMPAT /IMPLIB:"C:\Users\uzarco\Desktop\proj1\Debug\proj1.lib" /MACHINE:X86 Debug\proj1.exe.embed.manifest.res
         Debug\proj1.obj
       Manifest:
         C:\Program Files (x86)\Microsoft SDKs\Windows\v7.0A\bin\mt.exe /nologo /verbose /out:"Debug\proj1.exe.embed.manifest" /manifest Debug\proj1.exe.intermediate.manifest
         C:\Program Files (x86)\Microsoft SDKs\Windows\v7.0A\bin\rc.exe /nologo /fo"Debug\proj1.exe.embed.manifest.res" Debug\proj1_manifest.rc 
       LinkEmbedManifest:
         c:\Program Files (x86)\Microsoft Visual Studio 10.0\VC\bin\link.exe /ERRORREPORT:PROMPT /OUT:"C:\Users\uzarco\Desktop\proj1\Debug\proj1.exe" /INCREMENTAL /NOLOGO kernel32.lib user32.lib gdi32.lib winspool.lib comdlg32.lib advapi32.lib shell32.lib ole32.lib oleaut32.lib uuid.lib odbc32.lib odbccp32.lib /MANIFEST /ManifestFile:"Debug\proj1.exe.intermediate.manifest" /MANIFESTUAC:"level='asInvoker' uiAccess='false'" /DEBUG /PDB:"C:\Users\uzarco\Desktop\proj1\Debug\proj1.pdb" /SUBSYSTEM:CONSOLE /TLBID:1 /DYNAMICBASE /NXCOMPAT /IMPLIB:"C:\Users\uzarco\Desktop\proj1\Debug\proj1.lib" /MACHINE:X86 Debug\proj1.exe.embed.manifest.res
         Debug\proj1.obj
         proj1.vcxproj -> C:\Users\uzarco\Desktop\proj1\Debug\proj1.exe
       FinalizeBuildStatus:
         Deleting file "Debug\proj1.unsuccessfulbuild".
         Touching "Debug\proj1.lastbuildstate".
     1>Done Building Project "C:\Users\uzarco\Desktop\proj1\proj1\proj1.vcxproj" (build target(s)).

Build succeeded.

Time Elapsed 00:00:06.74
